<?xml version="1.0" encoding="UTF-8"?>
<testsuite name="Cucumber" time="6.1" tests="1" skipped="0" failures="1" errors="0">
<testcase classname="data_tables" name="TC01_musteri_giris_testi" time="5.834">
<failure type="java.lang.IllegalArgumentException" message="Keys to send should be a not null CharSequence">
<![CDATA[java.lang.IllegalArgumentException: Keys to send should be a not null CharSequence
	at org.openqa.selenium.remote.RemoteWebElement.sendKeys(RemoteWebElement.java:98)
	at java.base/jdk.internal.reflect.NativeMethodAccessorImpl.invoke0(Native Method)
	at java.base/jdk.internal.reflect.NativeMethodAccessorImpl.invoke(NativeMethodAccessorImpl.java:62)
	at java.base/jdk.internal.reflect.DelegatingMethodAccessorImpl.invoke(DelegatingMethodAccessorImpl.java:43)
	at java.base/java.lang.reflect.Method.invoke(Method.java:566)
	at org.openqa.selenium.support.pagefactory.internal.LocatingElementHandler.invoke(LocatingElementHandler.java:52)
	at com.sun.proxy.$Proxy23.sendKeys(Unknown Source)
	at stepdefinitions.LoginStepDefinitions.kullanici_emaili_ve_sifresini_girer(LoginStepDefinitions.java:26)
	at âœ½.kullanici emaili ve sifresini girer(file:///C:/Users/Busem/IdeaProjects/batch103Cucumber/./src/test/resources/features/day05_data_tables.feature:6)
]]>
</failure>
<system-out><![CDATA[
Given kullanici "https://www.bluerentalcars.com/login" gider................passed
When kullanici emaili ve sifresini girer....................................failed
]]></system-out>
</testcase>
</testsuite>
